<?xml version="1.0" encoding="UTF-8"?>
<!-- Generated by org.testng.reporters.JUnitReportReporter -->
<testsuite skipped="0" hostname="DESKTOP-4G7FNIK" name="com.TestCases.EndToEndTest" tests="1" failures="0" timestamp="2021-05-30T12:09:06 IST" time="40.067" errors="0">
  <testcase name="endToEndTest" time="40.067" classname="com.TestCases.EndToEndTest"/>
  <system-out/>
</testsuite> <!-- com.TestCases.EndToEndTest -->
