<?xml version="1.0" encoding="UTF-8"?>
<!-- Generated by org.testng.reporters.JUnitReportReporter -->
<testsuite skipped="0" hostname="DESKTOP-4G7FNIK" name="com.TestCases.AddToCartPageTest" tests="1" failures="0" timestamp="2021-05-30T12:09:06 IST" time="21.266" errors="0">
  <testcase name="addToCartTest" time="21.266" classname="com.TestCases.AddToCartPageTest"/>
  <system-out/>
</testsuite> <!-- com.TestCases.AddToCartPageTest -->
