<?xml version="1.0" encoding="UTF-8"?>
<!-- Generated by org.testng.reporters.JUnitReportReporter -->
<testsuite skipped="0" hostname="DESKTOP-4G7FNIK" name="com.TestCases.SearchResultPageTest" tests="1" failures="0" timestamp="2021-05-30T12:09:06 IST" time="14.444" errors="0">
  <testcase name="productAvailabilityTest" time="14.444" classname="com.TestCases.SearchResultPageTest"/>
  <system-out/>
</testsuite> <!-- com.TestCases.SearchResultPageTest -->
