<?xml version="1.0" encoding="UTF-8"?>
<!-- Generated by org.testng.reporters.JUnitReportReporter -->
<testsuite skipped="0" hostname="DESKTOP-4G7FNIK" name="com.TestCases.HomePageTest" tests="2" failures="0" timestamp="2021-05-30T12:09:06 IST" time="49.698" errors="0">
  <testcase name="orderHistoryandDetailsTest" time="32.177" classname="com.TestCases.HomePageTest"/>
  <system-out/>
  <testcase name="wishListTest" time="17.521" classname="com.TestCases.HomePageTest"/>
  <system-out/>
</testsuite> <!-- com.TestCases.HomePageTest -->
