<?xml version="1.0" encoding="UTF-8"?>
<!-- Generated by org.testng.reporters.JUnitReportReporter -->
<testsuite skipped="0" hostname="DESKTOP-4G7FNIK" name="com.TestCases.LoginPageTest" tests="1" failures="0" timestamp="2021-05-30T12:09:06 IST" time="17.841" errors="0">
  <testcase name="loginTest" time="17.841" classname="com.TestCases.LoginPageTest"/>
  <system-out/>
</testsuite> <!-- com.TestCases.LoginPageTest -->
